<?xml version="1.0" encoding="UTF-8"?>
<testng-results ignored="0" total="2" passed="2" failed="0" skipped="0">
  <reporter-output>
  </reporter-output>
  <suite started-at="2023-11-10T15:54:45 IST" name="Default suite" finished-at="2023-11-10T15:54:51 IST" duration-ms="5858">
    <groups>
    </groups>
    <test started-at="2023-11-10T15:54:45 IST" name="Default test" finished-at="2023-11-10T15:54:51 IST" duration-ms="5858">
      <class name="restassurescripts.Assignment005Demo">
        <test-method signature="assignment005FindByStatus()[pri:49, instance:restassurescripts.Assignment005Demo@2ed2d9cb]" started-at="2023-11-10T15:54:45 IST" name="assignment005FindByStatus" finished-at="2023-11-10T15:54:49 IST" duration-ms="3537" status="PASS">
          <reporter-output>
          </reporter-output>
        </test-method> <!-- assignment005FindByStatus -->
        <test-method signature="assignment006Logout()[pri:50, instance:restassurescripts.Assignment005Demo@2ed2d9cb]" started-at="2023-11-10T15:54:49 IST" name="assignment006Logout" finished-at="2023-11-10T15:54:51 IST" duration-ms="2269" status="PASS">
          <reporter-output>
          </reporter-output>
        </test-method> <!-- assignment006Logout -->
      </class> <!-- restassurescripts.Assignment005Demo -->
    </test> <!-- Default test -->
  </suite> <!-- Default suite -->
</testng-results>
